Starting command 2: child 53092 pid of parent 53082
start 1828711
Matrix A:
 10  30  40  50  0  0  0  0 
 0  0  0  0  0  0  0  0 
 0  0  0  0  0  0  0  0 
 0  0  0  0  0  0  0  0 
 0  0  0  0  0  0  0  0 
 0  0  0  0  0  0  0  0 
 0  0  0  0  0  0  0  0 
 0  0  0  0  0  0  0  0 

Matrix W:
 10  3  4  5  1  0  0  0 
 20  4  5  0  0  0  0  0 
 10  1  5  0  0  0  0  0 
 10  0  0  0  0  0  0  0 
 20  0  0  0  0  0  0  0 
 0  0  0  0  0  0  0  0 
 0  0  0  0  0  0  0  0 
 0  0  0  0  0  0  0  0 

start 1828711
Matrix A:
 10  30  40  50  0  0  0  0 
 0  0  0  0  0  0  0  0 
 0  0  0  0  0  0  0  0 
 0  0  0  0  0  0  0  0 
 0  0  0  0  0  0  0  0 
 0  0  0  0  0  0  0  0 
 0  0  0  0  0  0  0  0 
 0  0  0  0  0  0  0  0 

Matrix W:
 10  3  4  5  1  0  0  0 
 20  4  5  0  0  0  0  0 
 10  1  5  0  0  0  0  0 
 10  0  0  0  0  0  0  0 
 20  0  0  0  0  0  0  0 
 0  0  0  0  0  0  0  0 
 0  0  0  0  0  0  0  0 
 0  0  0  0  0  0  0  0 

start 1828711
Matrix A:
 10  30  40  50  0  0  0  0 
 0  0  0  0  0  0  0  0 
 0  0  0  0  0  0  0  0 
 0  0  0  0  0  0  0  0 
 0  0  0  0  0  0  0  0 
 0  0  0  0  0  0  0  0 
 0  0  0  0  0  0  0  0 
 0  0  0  0  0  0  0  0 

Matrix W:
 10  3  4  5  1  0  0  0 
 20  4  5  0  0  0  0  0 
 10  1  5  0  0  0  0  0 
 10  0  0  0  0  0  0  0 
 20  0  0  0  0  0  0  0 
 0  0  0  0  0  0  0  0 
 0  0  0  0  0  0  0  0 
 0  0  0  0  0  0  0  0 

start 1828711
Matrix A:
 10  30  40  50  0  0  0  0 
 0  0  0  0  0  0  0  0 
 0  0  0  0  0  0  0  0 
 0  0  0  0  0  0  0  0 
 0  0  0  0  0  0  0  0 
 0  0  0  0  0  0  0  0 
 0  0  0  0  0  0  0  0 
 0  0  0  0  0  0  0  0 

Matrix W:
 10  3  4  5  1  0  0  0 
 20  4  5  0  0  0  0  0 
 10  1  5  0  0  0  0  0 
 10  0  0  0  0  0  0  0 
 20  0  0  0  0  0  0  0 
 0  0  0  0  0  0  0  0 
 0  0  0  0  0  0  0  0 
 0  0  0  0  0  0  0  0 

start 1828711
Matrix A:
 10  30  40  50  0  0  0  0 
 0  0  0  0  0  0  0  0 
 0  0  0  0  0  0  0  0 
 0  0  0  0  0  0  0  0 
 0  0  0  0  0  0  0  0 
 0  0  0  0  0  0  0  0 
 0  0  0  0  0  0  0  0 
 0  0  0  0  0  0  0  0 

Matrix W:
 10  3  4  5  1  0  0  0 
 20  4  5  0  0  0  0  0 
 10  1  5  0  0  0  0  0 
 10  0  0  0  0  0  0  0 
 20  0  0  0  0  0  0  0 
 0  0  0  0  0  0  0  0 
 0  0  0  0  0  0  0  0 
 0  0  0  0  0  0  0  0 

start 1828711
Matrix A:
 10  30  40  50  0  0  0  0 
 0  0  0  0  0  0  0  0 
 0  0  0  0  0  0  0  0 
 0  0  0  0  0  0  0  0 
 0  0  0  0  0  0  0  0 
 0  0  0  0  0  0  0  0 
 0  0  0  0  0  0  0  0 
 0  0  0  0  0  0  0  0 

Matrix W:
 10  3  4  5  1  0  0  0 
 20  4  5  0  0  0  0  0 
 10  1  5  0  0  0  0  0 
 10  0  0  0  0  0  0  0 
 20  0  0  0  0  0  0  0 
 0  0  0  0  0  0  0  0 
 0  0  0  0  0  0  0  0 
 0  0  0  0  0  0  0  0 

start 1828711
Matrix A:
 10  30  40  50  0  0  0  0 
 0  0  0  0  0  0  0  0 
 0  0  0  0  0  0  0  0 
 0  0  0  0  0  0  0  0 
 0  0  0  0  0  0  0  0 
 0  0  0  0  0  0  0  0 
 0  0  0  0  0  0  0  0 
 0  0  0  0  0  0  0  0 

Matrix W:
 10  3  4  5  1  0  0  0 
 20  4  5  0  0  0  0  0 
 10  1  5  0  0  0  0  0 
 10  0  0  0  0  0  0  0 
 20  0  0  0  0  0  0  0 
 0  0  0  0  0  0  0  0 
 0  0  0  0  0  0  0  0 
 0  0  0  0  0  0  0  0 

start 1828711
Matrix A:
 10  30  40  50  0  0  0  0 
 0  0  0  0  0  0  0  0 
 0  0  0  0  0  0  0  0 
 0  0  0  0  0  0  0  0 
 0  0  0  0  0  0  0  0 
 0  0  0  0  0  0  0  0 
 0  0  0  0  0  0  0  0 
 0  0  0  0  0  0  0  0 

Matrix W:
 10  3  4  5  1  0  0  0 
 20  4  5  0  0  0  0  0 
 10  1  5  0  0  0  0  0 
 10  0  0  0  0  0  0  0 
 20  0  0  0  0  0  0  0 
 0  0  0  0  0  0  0  0 
 0  0  0  0  0  0  0  0 
 0  0  0  0  0  0  0  0 

start 1828711
Matrix A:
 10  30  40  50  0  0  0  0 
 0  0  0  0  0  0  0  0 
 0  0  0  0  0  0  0  0 
 0  0  0  0  0  0  0  0 
 0  0  0  0  0  0  0  0 
 0  0  0  0  0  0  0  0 
 0  0  0  0  0  0  0  0 
 0  0  0  0  0  0  0  0 

Matrix W:
 10  3  4  5  1  0  0  0 
 20  4  5  0  0  0  0  0 
 10  1  5  0  0  0  0  0 
 10  0  0  0  0  0  0  0 
 20  0  0  0  0  0  0  0 
 0  0  0  0  0  0  0  0 
 0  0  0  0  0  0  0  0 
 0  0  0  0  0  0  0  0 

Result of A*W = [
1600 190 390 50 10  0  0  0 
 0  0  0  0  0  0  0  0 
 0  0  0  0  0  0  0  0 
 0  0  0  0  0  0  0  0 
 0  0  0  0  0  0  0  0 
 0  0  0  0  0  0  0  0 
 0  0  0  0  0  0  0  0 
 0  0  0  0  0  0  0  0 
]

Runtime 0.0015 seconds
