total 9544
-rwxr-xr-x   1 root  wheel  1377760 Jan 21  2022 zsh
-rwxr-xr-x   1 root  wheel   150208 Jan 21  2022 wait4path
-rwxr-xr-x   1 root  wheel   135360 Jan 21  2022 unlink
-rwxr-xr-x   1 root  wheel   150624 Jan 21  2022 test
-rwxr-xr-x   1 root  wheel  1135936 Jan 21  2022 tcsh
-rwxr-xr-x   1 root  wheel   149936 Jan 21  2022 sync
-rwxr-xr-x   1 root  wheel   168272 Jan 21  2022 stty
-rwxr-xr-x   1 root  wheel   150288 Jan 21  2022 sleep
-rwxr-xr-x   1 root  wheel   150384 Jan 21  2022 sh
-rwxr-xr-x   1 root  wheel   133760 Jan 21  2022 rmdir
-rwxr-xr-x   1 root  wheel   135360 Jan 21  2022 rm
-rwxr-xr-x   1 root  wheel   150320 Jan 21  2022 pwd
-rwsr-xr-x   1 root  wheel   203504 Jan 21  2022 ps
-rwxr-xr-x   1 root  wheel   320688 Jan 21  2022 pax
-rwxr-xr-x   1 root  wheel   135520 Jan 21  2022 mv
-rwxr-xr-x   1 root  wheel   134144 Jan 21  2022 mkdir
-rwxr-xr-x   1 root  wheel   187040 Jan 21  2022 ls
-rwxr-xr-x   1 root  wheel   134512 Jan 21  2022 ln
-rwxr-xr-x   1 root  wheel   134512 Jan 21  2022 link
-rwxr-xr-x   1 root  wheel   343232 Jan 21  2022 launchctl
-r-xr-xr-x   1 root  wheel  2599008 Jan 21  2022 ksh
-rwxr-xr-x   1 root  wheel   150736 Jan 21  2022 kill
-rwxr-xr-x   1 root  wheel   150336 Jan 21  2022 hostname
-rwxr-xr-x   1 root  wheel   151008 Jan 21  2022 expr
-rwxr-xr-x   1 root  wheel   235248 Jan 21  2022 ed
-rwxr-xr-x   1 root  wheel   150336 Jan 21  2022 echo
-rwxr-xr-x   1 root  wheel   151264 Jan 21  2022 df
-rwxr-xr-x   1 root  wheel   151520 Jan 21  2022 dd
-rwxr-xr-x   1 root  wheel   168912 Jan 21  2022 date
-rwxr-xr-x   1 root  wheel   307104 Jan 21  2022 dash
-rwxr-xr-x   1 root  wheel  1135936 Jan 21  2022 csh
-rwxr-xr-x   1 root  wheel   152640 Jan 21  2022 cp
-rwxr-xr-x   1 root  wheel   136944 Jan 21  2022 chmod
-rwxr-xr-x   1 root  wheel   151792 Jan 21  2022 cat
-r-xr-xr-x   1 root  wheel  1326560 Jan 21  2022 bash
-rwxr-xr-x   1 root  wheel   150624 Jan 21  2022 [
drwxr-xr-x  20 root  wheel      640 Jan 21  2022 ..
drwxr-xr-x@ 38 root  wheel     1216 Jan 21  2022 .
